2025-11-14 00:46:32,580 INFO o.a.j.u.JMeterUtils: Setting Locale to en_EN
2025-11-14 00:46:32,605 INFO o.a.j.JMeter: Loading user properties from: /home/buddhi/IdeaProjects/jmeter-wrapper/src/main/resources/jmeter/apache-jmeter-5.6.3/bin/user.properties
2025-11-14 00:46:32,606 INFO o.a.j.JMeter: Loading system properties from: /home/buddhi/IdeaProjects/jmeter-wrapper/src/main/resources/jmeter/apache-jmeter-5.6.3/bin/system.properties
2025-11-14 00:46:32,616 INFO o.a.j.JMeter: Copyright (c) 1998-2024 The Apache Software Foundation
2025-11-14 00:46:32,616 INFO o.a.j.JMeter: Version 5.6.3
2025-11-14 00:46:32,616 INFO o.a.j.JMeter: java.version=25.0.1
2025-11-14 00:46:32,617 INFO o.a.j.JMeter: java.vm.name=OpenJDK 64-Bit Server VM
2025-11-14 00:46:32,617 INFO o.a.j.JMeter: os.name=Linux
2025-11-14 00:46:32,617 INFO o.a.j.JMeter: os.arch=amd64
2025-11-14 00:46:32,617 INFO o.a.j.JMeter: os.version=6.10.9-arch1-1
2025-11-14 00:46:32,617 INFO o.a.j.JMeter: file.encoding=UTF-8
2025-11-14 00:46:32,617 INFO o.a.j.JMeter: java.awt.headless=true
2025-11-14 00:46:32,617 INFO o.a.j.JMeter: Max memory     =1073741824
2025-11-14 00:46:32,617 INFO o.a.j.JMeter: Available Processors =4
2025-11-14 00:46:32,639 INFO o.a.j.JMeter: Default Locale=English (EN)
2025-11-14 00:46:32,640 INFO o.a.j.JMeter: JMeter  Locale=English (EN)
2025-11-14 00:46:32,640 INFO o.a.j.JMeter: JMeterHome=/home/buddhi/IdeaProjects/jmeter-wrapper/src/main/resources/jmeter/apache-jmeter-5.6.3
2025-11-14 00:46:32,640 INFO o.a.j.JMeter: user.dir  =/home/buddhi/IdeaProjects/jmeter-wrapper
2025-11-14 00:46:32,640 INFO o.a.j.JMeter: PWD       =/home/buddhi/IdeaProjects/jmeter-wrapper
2025-11-14 00:46:32,641 INFO o.a.j.JMeter: IP: 127.0.1.1 Name: buddhi-notebook FullName: buddhi-notebook
2025-11-14 00:46:32,658 INFO o.a.j.JMeter: Setting property 'jmeter.reportgenerator.outputdir' to:'/home/buddhi/IdeaProjects/jmeter-wrapper/src/main/resources/result/html_report_1763052391362'
2025-11-14 00:46:32,663 INFO o.a.j.s.FileServer: Default base='/home/buddhi/IdeaProjects/jmeter-wrapper'
2025-11-14 00:46:32,664 INFO o.a.j.s.FileServer: Set new base='/home/buddhi/IdeaProjects/jmeter-wrapper/src/main/resources/jmxfiles'
2025-11-14 00:46:33,194 INFO o.a.j.s.SaveService: Testplan (JMX) version: 2.2. Testlog (JTL) version: 2.2
2025-11-14 00:46:33,272 INFO o.a.j.s.SaveService: Using SaveService properties version 5.0
2025-11-14 00:46:33,287 INFO o.a.j.s.SaveService: Using SaveService properties file encoding UTF-8
2025-11-14 00:46:33,297 INFO o.a.j.s.SaveService: Loading file: /home/buddhi/IdeaProjects/jmeter-wrapper/src/main/resources/jmxfiles/HTTPRequest.jmx
2025-11-14 00:46:33,374 INFO o.a.j.p.h.s.HTTPSamplerBase: Parser for text/html is org.apache.jmeter.protocol.http.parser.LagartoBasedHtmlParser
2025-11-14 00:46:33,375 INFO o.a.j.p.h.s.HTTPSamplerBase: Parser for application/xhtml+xml is org.apache.jmeter.protocol.http.parser.LagartoBasedHtmlParser
2025-11-14 00:46:33,375 INFO o.a.j.p.h.s.HTTPSamplerBase: Parser for application/xml is org.apache.jmeter.protocol.http.parser.LagartoBasedHtmlParser
2025-11-14 00:46:33,375 INFO o.a.j.p.h.s.HTTPSamplerBase: Parser for text/xml is org.apache.jmeter.protocol.http.parser.LagartoBasedHtmlParser
2025-11-14 00:46:33,375 INFO o.a.j.p.h.s.HTTPSamplerBase: Parser for text/vnd.wap.wml is org.apache.jmeter.protocol.http.parser.RegexpHTMLParser
2025-11-14 00:46:33,375 INFO o.a.j.p.h.s.HTTPSamplerBase: Parser for text/css is org.apache.jmeter.protocol.http.parser.CssParser
2025-11-14 00:46:33,410 INFO o.a.j.JMeter: Creating summariser <summary>
2025-11-14 00:46:33,415 INFO o.a.j.r.d.ReportGenerator: ReportGenerator will use for Parsing the separator: ','
2025-11-14 00:46:33,415 INFO o.a.j.r.d.ReportGenerator: Will generate report at end of test from  results file: /home/buddhi/IdeaProjects/jmeter-wrapper/src/main/resources/result/results_1763052391362.jtl
2025-11-14 00:46:33,416 INFO o.a.j.r.d.ReportGenerator: Reading report generator properties from: /home/buddhi/IdeaProjects/jmeter-wrapper/src/main/resources/jmeter/apache-jmeter-5.6.3/bin/reportgenerator.properties
2025-11-14 00:46:33,416 INFO o.a.j.r.d.ReportGenerator: Merging with JMeter properties
2025-11-14 00:46:33,421 INFO o.a.j.r.c.ReportGeneratorConfiguration: Property 'jmeter.reportgenerator.temp_dir' not found, using default value 'temp' instead.
2025-11-14 00:46:33,424 INFO o.a.j.r.c.ReportGeneratorConfiguration: Property 'jmeter.reportgenerator.apdex_per_transaction' not found, using default value 'null' instead.
2025-11-14 00:46:33,424 INFO o.a.j.r.c.ReportGeneratorConfiguration: apdex_per_transaction is empty, not APDEX per transaction customization
2025-11-14 00:46:33,425 INFO o.a.j.r.c.ReportGeneratorConfiguration: Property 'jmeter.reportgenerator.sample_filter' not found, using default value 'null' instead.
2025-11-14 00:46:33,425 INFO o.a.j.r.c.ReportGeneratorConfiguration: Property 'jmeter.reportgenerator.report_title' not found, using default value 'null' instead.
2025-11-14 00:46:33,425 INFO o.a.j.r.c.ReportGeneratorConfiguration: Property 'jmeter.reportgenerator.start_date' not found, using default value 'null' instead.
2025-11-14 00:46:33,425 INFO o.a.j.r.c.ReportGeneratorConfiguration: Property 'jmeter.reportgenerator.end_date' not found, using default value 'null' instead.
2025-11-14 00:46:33,425 INFO o.a.j.r.c.ReportGeneratorConfiguration: Property 'jmeter.reportgenerator.date_format' not found, using default value 'null' instead.
2025-11-14 00:46:33,426 INFO o.a.j.r.c.ReportGeneratorConfiguration: Will use date range start date: null, end date: null
2025-11-14 00:46:33,432 INFO o.a.j.r.c.ReportGeneratorConfiguration: Property 'jmeter.reportgenerator.graph.totalTPS.exclude_controllers' not found, using default value 'false' instead.
2025-11-14 00:46:33,433 INFO o.a.j.r.c.ReportGeneratorConfiguration: Property 'jmeter.reportgenerator.graph.activeThreadsOverTime.exclude_controllers' not found, using default value 'false' instead.
2025-11-14 00:46:33,433 INFO o.a.j.r.c.ReportGeneratorConfiguration: Property 'jmeter.reportgenerator.graph.timeVsThreads.exclude_controllers' not found, using default value 'false' instead.
2025-11-14 00:46:33,433 INFO o.a.j.r.c.ReportGeneratorConfiguration: Property 'jmeter.reportgenerator.graph.responseTimeDistribution.exclude_controllers' not found, using default value 'false' instead.
2025-11-14 00:46:33,433 INFO o.a.j.r.c.ReportGeneratorConfiguration: Property 'jmeter.reportgenerator.graph.transactionsPerSecond.exclude_controllers' not found, using default value 'false' instead.
2025-11-14 00:46:33,433 INFO o.a.j.r.c.ReportGeneratorConfiguration: Property 'jmeter.reportgenerator.graph.responseTimePercentiles.exclude_controllers' not found, using default value 'false' instead.
2025-11-14 00:46:33,433 INFO o.a.j.r.c.ReportGeneratorConfiguration: Property 'jmeter.reportgenerator.graph.responseTimePercentilesOverTime.exclude_controllers' not found, using default value 'false' instead.
2025-11-14 00:46:33,434 INFO o.a.j.r.c.ReportGeneratorConfiguration: Property 'jmeter.reportgenerator.graph.responseTimesOverTime.exclude_controllers' not found, using default value 'false' instead.
2025-11-14 00:46:33,434 INFO o.a.j.r.c.ReportGeneratorConfiguration: Property 'jmeter.reportgenerator.graph.connectTimeOverTime.exclude_controllers' not found, using default value 'false' instead.
2025-11-14 00:46:33,434 INFO o.a.j.r.c.ReportGeneratorConfiguration: Property 'jmeter.reportgenerator.graph.latenciesOverTime.exclude_controllers' not found, using default value 'false' instead.
2025-11-14 00:46:33,435 INFO o.a.j.r.c.ReportGeneratorConfiguration: Property 'jmeter.reportgenerator.exporter.json.filters_only_sample_series' not found, using default value 'true' instead.
2025-11-14 00:46:33,436 INFO o.a.j.r.c.ReportGeneratorConfiguration: Property 'jmeter.reportgenerator.exporter.json.series_filter' not found, using default value '' instead.
2025-11-14 00:46:33,436 INFO o.a.j.r.c.ReportGeneratorConfiguration: Property 'jmeter.reportgenerator.exporter.json.show_controllers_only' not found, using default value 'false' instead.
2025-11-14 00:46:33,436 INFO o.a.j.r.c.ReportGeneratorConfiguration: Property 'jmeter.reportgenerator.exporter.html.filters_only_sample_series' not found, using default value 'true' instead.
2025-11-14 00:46:33,437 INFO o.a.j.r.c.ReportGeneratorConfiguration: Property 'jmeter.reportgenerator.exporter.html.series_filter' not found, using default value '' instead.
2025-11-14 00:46:33,437 INFO o.a.j.r.c.ReportGeneratorConfiguration: Property 'jmeter.reportgenerator.exporter.html.show_controllers_only' not found, using default value 'false' instead.
2025-11-14 00:46:33,452 INFO o.a.j.e.StandardJMeterEngine: Running the test!
2025-11-14 00:46:33,453 INFO o.a.j.s.SampleEvent: List of sample_variables: []
2025-11-14 00:46:33,453 INFO o.a.j.s.SampleEvent: List of sample_variables: []
2025-11-14 00:46:33,460 INFO o.a.j.e.u.CompoundVariable: Note: Function class names must contain the string: '.functions.'
2025-11-14 00:46:33,460 INFO o.a.j.e.u.CompoundVariable: Note: Function class names must not contain the string: '.gui.'
2025-11-14 00:46:33,549 INFO o.a.j.JMeter: Running test (1763052393548)
2025-11-14 00:46:33,578 INFO o.a.j.e.StandardJMeterEngine: Starting ThreadGroup: 1 : Thread Group
2025-11-14 00:46:33,578 INFO o.a.j.e.StandardJMeterEngine: Starting 1 threads for group Thread Group.
2025-11-14 00:46:33,578 INFO o.a.j.e.StandardJMeterEngine: Thread will continue on error
2025-11-14 00:46:33,579 INFO o.a.j.t.ThreadGroup: Starting thread group... number=1 threads=1 ramp-up=5 delayedStart=false
2025-11-14 00:46:33,582 INFO o.a.j.t.ThreadGroup: Started thread group number 1
2025-11-14 00:46:33,582 INFO o.a.j.e.StandardJMeterEngine: All thread groups have been started
2025-11-14 00:46:33,584 INFO o.a.j.t.JMeterThread: Thread started: Thread Group 1-1
2025-11-14 00:46:33,601 INFO o.a.j.p.h.s.HTTPHCAbstractImpl: Local host = buddhi-notebook
2025-11-14 00:46:33,608 INFO o.a.j.p.h.s.HTTPHC4Impl: HTTP request retry count = 0
2025-11-14 00:46:33,609 INFO o.a.j.s.SampleResult: Note: Sample TimeStamps are START times
2025-11-14 00:46:33,610 INFO o.a.j.s.SampleResult: sampleresult.default.encoding is set to UTF-8
2025-11-14 00:46:33,610 INFO o.a.j.s.SampleResult: sampleresult.useNanoTime=true
2025-11-14 00:46:33,610 INFO o.a.j.s.SampleResult: sampleresult.nanoThreadSleep=5000
2025-11-14 00:46:34,147 INFO o.a.j.p.h.s.h.LazyLayeredConnectionSocketFactory: Setting up HTTPS TrustAll Socket Factory
2025-11-14 00:46:34,167 INFO o.a.j.u.JsseSSLManager: Using default SSL protocol: TLS
2025-11-14 00:46:34,167 INFO o.a.j.u.JsseSSLManager: SSL session context: per-thread
2025-11-14 00:46:34,309 INFO o.a.j.u.SSLManager: JmeterKeyStore Location:  type JKS
2025-11-14 00:46:34,313 INFO o.a.j.u.SSLManager: KeyStore created OK
2025-11-14 00:46:34,314 WARN o.a.j.u.SSLManager: Keystore file not found, loading empty keystore
2025-11-14 00:46:35,320 INFO o.a.j.r.Summariser: summary +      1 in 00:00:02 =    0.6/s Avg:  1609 Min:  1609 Max:  1609 Err:     0 (0.00%) Active: 1 Started: 1 Finished: 0
2025-11-14 00:46:37,935 INFO o.a.j.t.JMeterThread: Thread is done: Thread Group 1-1
2025-11-14 00:46:37,936 INFO o.a.j.t.JMeterThread: Thread finished: Thread Group 1-1
2025-11-14 00:46:37,942 INFO o.a.j.e.StandardJMeterEngine: Notifying test listeners of end of test
2025-11-14 00:46:37,945 INFO o.a.j.r.Summariser: summary +      9 in 00:00:03 =    3.4/s Avg:   288 Min:   241 Max:   309 Err:     0 (0.00%) Active: 0 Started: 1 Finished: 1
2025-11-14 00:46:37,946 INFO o.a.j.r.Summariser: summary =     10 in 00:00:04 =    2.3/s Avg:   420 Min:   241 Max:  1609 Err:     0 (0.00%)
2025-11-14 00:46:37,947 INFO o.a.j.JMeter: Generating Dashboard
2025-11-14 00:46:37,947 INFO o.a.j.r.d.ReportGenerator: Flushing result collector before report Generation
2025-11-14 00:46:37,981 INFO o.a.j.r.p.NormalizerSampleConsumer: Using format, 'ms', to parse timeStamp field
2025-11-14 00:46:38,054 INFO o.a.j.r.p.AbstractSampleConsumer: class org.apache.jmeter.report.processor.AggregateConsumer#stopProducing(): beginDate produced 0 samples
2025-11-14 00:46:38,054 INFO o.a.j.r.p.AbstractSampleConsumer: class org.apache.jmeter.report.processor.AggregateConsumer#stopProducing(): endDate produced 0 samples
2025-11-14 00:46:38,056 INFO o.a.j.r.p.AbstractSampleConsumer: class org.apache.jmeter.report.processor.ApdexSummaryConsumer#stopProducing(): apdexSummary produced 0 samples
2025-11-14 00:46:38,056 INFO o.a.j.r.p.AbstractSampleConsumer: class org.apache.jmeter.report.processor.RequestsSummaryConsumer#stopProducing(): requestsSummary produced 0 samples
2025-11-14 00:46:38,062 INFO o.a.j.r.p.AbstractSampleConsumer: class org.apache.jmeter.report.processor.StatisticsSummaryConsumer#stopProducing(): statisticsSummary produced 0 samples
2025-11-14 00:46:38,063 INFO o.a.j.r.p.AbstractSampleConsumer: class org.apache.jmeter.report.processor.Top5ErrorsBySamplerConsumer#stopProducing(): top5ErrorsBySampler produced 0 samples
2025-11-14 00:46:38,063 INFO o.a.j.r.p.AbstractSampleConsumer: class org.apache.jmeter.report.processor.ErrorsSummaryConsumer#stopProducing(): errorsSummary produced 0 samples
2025-11-14 00:46:38,063 INFO o.a.j.r.p.AbstractSampleConsumer: class org.apache.jmeter.report.processor.graph.impl.HitsPerSecondGraphConsumer#stopProducing(): hitsPerSecond produced 0 samples
2025-11-14 00:46:38,075 INFO o.a.j.r.p.AbstractSampleConsumer: class org.apache.jmeter.report.processor.graph.impl.LatencyVSRequestGraphConsumer#stopProducing(): latencyVsRequest produced 0 samples
2025-11-14 00:46:38,076 INFO o.a.j.r.p.AbstractSampleConsumer: class org.apache.jmeter.report.processor.graph.impl.SyntheticResponseTimeDistributionGraphConsumer#stopProducing(): syntheticResponseTimeDistribution produced 0 samples
2025-11-14 00:46:38,076 INFO o.a.j.r.p.AbstractSampleConsumer: class org.apache.jmeter.report.processor.graph.impl.BytesThroughputGraphConsumer#stopProducing(): bytesThroughputOverTime produced 0 samples
2025-11-14 00:46:38,076 INFO o.a.j.r.p.AbstractSampleConsumer: class org.apache.jmeter.report.processor.graph.impl.CodesPerSecondGraphConsumer#stopProducing(): codesPerSecond produced 0 samples
2025-11-14 00:46:38,079 INFO o.a.j.r.p.AbstractSampleConsumer: class org.apache.jmeter.report.processor.graph.impl.ResponseTimeVSRequestGraphConsumer#stopProducing(): responseTimeVsRequest produced 0 samples
2025-11-14 00:46:38,079 INFO o.a.j.r.p.AbstractSampleConsumer: class org.apache.jmeter.report.processor.FilterConsumer#stopProducing(): startIntervalControlerFilter produced 70 samples
2025-11-14 00:46:38,079 INFO o.a.j.r.p.AbstractSampleConsumer: class org.apache.jmeter.report.processor.graph.impl.TotalTPSGraphConsumer#stopProducing(): totalTPS produced 0 samples
2025-11-14 00:46:38,079 INFO o.a.j.r.p.AbstractSampleConsumer: class org.apache.jmeter.report.processor.graph.impl.ActiveThreadsGraphConsumer#stopProducing(): activeThreadsOverTime produced 0 samples
2025-11-14 00:46:38,079 INFO o.a.j.r.p.AbstractSampleConsumer: class org.apache.jmeter.report.processor.graph.impl.TimeVSThreadGraphConsumer#stopProducing(): timeVsThreads produced 0 samples
2025-11-14 00:46:38,080 INFO o.a.j.r.p.AbstractSampleConsumer: class org.apache.jmeter.report.processor.graph.impl.ResponseTimeDistributionGraphConsumer#stopProducing(): responseTimeDistribution produced 0 samples
2025-11-14 00:46:38,080 INFO o.a.j.r.p.AbstractSampleConsumer: class org.apache.jmeter.report.processor.graph.impl.TransactionsPerSecondGraphConsumer#stopProducing(): transactionsPerSecond produced 0 samples
2025-11-14 00:46:38,080 INFO o.a.j.r.p.AbstractSampleConsumer: class org.apache.jmeter.report.processor.graph.impl.ResponseTimePercentilesGraphConsumer#stopProducing(): responseTimePercentiles produced 0 samples
2025-11-14 00:46:38,081 INFO o.a.j.r.p.AbstractSampleConsumer: class org.apache.jmeter.report.processor.graph.impl.ResponseTimePercentilesOverTimeGraphConsumer#stopProducing(): responseTimePercentilesOverTime produced 0 samples
2025-11-14 00:46:38,081 INFO o.a.j.r.p.AbstractSampleConsumer: class org.apache.jmeter.report.processor.graph.impl.ResponseTimeOverTimeGraphConsumer#stopProducing(): responseTimesOverTime produced 0 samples
2025-11-14 00:46:38,081 INFO o.a.j.r.p.AbstractSampleConsumer: class org.apache.jmeter.report.processor.graph.impl.ConnectTimeOverTimeGraphConsumer#stopProducing(): connectTimeOverTime produced 0 samples
2025-11-14 00:46:38,082 INFO o.a.j.r.p.AbstractSampleConsumer: class org.apache.jmeter.report.processor.graph.impl.LatencyOverTimeGraphConsumer#stopProducing(): latenciesOverTime produced 0 samples
2025-11-14 00:46:38,082 INFO o.a.j.r.p.AbstractSampleConsumer: class org.apache.jmeter.report.processor.FilterConsumer#stopProducing(): nameFilter produced 150 samples
2025-11-14 00:46:38,082 INFO o.a.j.r.p.AbstractSampleConsumer: class org.apache.jmeter.report.processor.FilterConsumer#stopProducing(): dateRangeFilter produced 30 samples
2025-11-14 00:46:38,082 INFO o.a.j.r.p.AbstractSampleConsumer: class org.apache.jmeter.report.processor.NormalizerSampleConsumer#stopProducing(): normalizer produced 10 samples
2025-11-14 00:46:38,082 INFO o.a.j.r.p.CsvFileSampleSource: produce(): 10 samples produced in 63ms on channel 0
2025-11-14 00:46:38,083 INFO o.a.j.r.d.ReportGenerator: Exporting data using exporter:'json' of className:'org.apache.jmeter.report.dashboard.JsonExporter'
2025-11-14 00:46:38,165 INFO o.a.j.r.d.JsonExporter: Found data for consumer statisticsSummary in context
2025-11-14 00:46:38,165 INFO o.a.j.r.d.JsonExporter: Creating statistics for overall
2025-11-14 00:46:38,166 INFO o.a.j.r.d.JsonExporter: Creating statistics for other transactions
2025-11-14 00:46:38,167 INFO o.a.j.r.d.JsonExporter: Checking output folder
2025-11-14 00:46:38,167 INFO o.a.j.r.d.JsonExporter: Writing statistics JSON to /home/buddhi/IdeaProjects/jmeter-wrapper/src/main/resources/result/html_report_1763052391362/statistics.json
2025-11-14 00:46:38,237 INFO o.a.j.r.d.ReportGenerator: Exporting data using exporter:'html' of className:'org.apache.jmeter.report.dashboard.HtmlTemplateExporter'
2025-11-14 00:46:38,240 INFO o.a.j.r.d.HtmlTemplateExporter: Will generate dashboard in folder: /home/buddhi/IdeaProjects/jmeter-wrapper/src/main/resources/result/html_report_1763052391362
2025-11-14 00:46:38,377 INFO o.a.j.r.d.HtmlTemplateExporter: Report will be generated in: /home/buddhi/IdeaProjects/jmeter-wrapper/src/main/resources/result/html_report_1763052391362, creating folder structure
2025-11-14 00:46:38,379 INFO o.a.j.r.d.TemplateVisitor: Copying folder from '/home/buddhi/IdeaProjects/jmeter-wrapper/src/main/resources/jmeter/apache-jmeter-5.6.3/bin/report-template' to '/home/buddhi/IdeaProjects/jmeter-wrapper/src/main/resources/result/html_report_1763052391362', got message: /home/buddhi/IdeaProjects/jmeter-wrapper/src/main/resources/result/html_report_1763052391362, found non empty folder with following content [/home/buddhi/IdeaProjects/jmeter-wrapper/src/main/resources/result/html_report_1763052391362/statistics.json], will be ignored
2025-11-14 00:46:38,626 INFO o.a.j.JMeter: Dashboard generated
