2025-11-13 22:00:38,458 INFO o.a.j.u.JMeterUtils: Setting Locale to en_US
2025-11-13 22:00:38,479 INFO o.a.j.JMeter: Loading user properties from: user.properties
2025-11-13 22:00:38,479 INFO o.a.j.JMeter: Loading system properties from: system.properties
2025-11-13 22:00:38,487 INFO o.a.j.JMeter: Copyright (c) 1998-2024 The Apache Software Foundation
2025-11-13 22:00:38,487 INFO o.a.j.JMeter: Version 5.6.3
2025-11-13 22:00:38,488 INFO o.a.j.JMeter: java.version=25.0.1
2025-11-13 22:00:38,488 INFO o.a.j.JMeter: java.vm.name=OpenJDK 64-Bit Server VM
2025-11-13 22:00:38,488 INFO o.a.j.JMeter: os.name=Linux
2025-11-13 22:00:38,488 INFO o.a.j.JMeter: os.arch=amd64
2025-11-13 22:00:38,488 INFO o.a.j.JMeter: os.version=6.10.9-arch1-1
2025-11-13 22:00:38,488 INFO o.a.j.JMeter: file.encoding=UTF-8
2025-11-13 22:00:38,488 INFO o.a.j.JMeter: java.awt.headless=null
2025-11-13 22:00:38,488 INFO o.a.j.JMeter: Max memory     =3114270720
2025-11-13 22:00:38,488 INFO o.a.j.JMeter: Available Processors =4
2025-11-13 22:00:38,505 INFO o.a.j.JMeter: Default Locale=English (United States)
2025-11-13 22:00:38,506 INFO o.a.j.JMeter: JMeter  Locale=English (United States)
2025-11-13 22:00:38,506 INFO o.a.j.JMeter: JMeterHome=/run/media/buddhi/buddhiHDD/jmter/apache-jmeter-5.6.3
2025-11-13 22:00:38,506 INFO o.a.j.JMeter: user.dir  =/run/media/buddhi/buddhiHDD/jmter/apache-jmeter-5.6.3/bin
2025-11-13 22:00:38,506 INFO o.a.j.JMeter: PWD       =/run/media/buddhi/buddhiHDD/jmter/apache-jmeter-5.6.3/bin
2025-11-13 22:00:38,507 INFO o.a.j.JMeter: IP: 127.0.1.1 Name: buddhi-notebook FullName: buddhi-notebook
2025-11-13 22:00:38,519 INFO o.a.j.JMeter: Loaded icon properties from org/apache/jmeter/images/icon.properties
2025-11-13 22:00:38,727 INFO o.a.j.JMeterGuiLauncher: Setting LAF to: com.github.weisj.darklaf.DarkLaf:com.github.weisj.darklaf.theme.DarculaTheme
2025-11-13 22:00:44,781 INFO o.a.j.s.FileServer: Default base='/run/media/buddhi/buddhiHDD/jmter/apache-jmeter-5.6.3/bin'
2025-11-13 22:00:44,784 INFO o.a.j.g.a.Load: Loading file: /run/media/buddhi/buddhiHDD/jmter/HTTPRequest.jmx
2025-11-13 22:00:44,784 INFO o.a.j.s.FileServer: Set new base='/run/media/buddhi/buddhiHDD/jmter'
2025-11-13 22:00:45,071 INFO o.a.j.s.SaveService: Testplan (JMX) version: 2.2. Testlog (JTL) version: 2.2
2025-11-13 22:00:45,086 INFO o.a.j.s.SaveService: Using SaveService properties version 5.0
2025-11-13 22:00:45,088 INFO o.a.j.s.SaveService: Using SaveService properties file encoding UTF-8
2025-11-13 22:00:45,089 INFO o.a.j.s.SaveService: Loading file: /run/media/buddhi/buddhiHDD/jmter/HTTPRequest.jmx
2025-11-13 22:00:45,113 INFO o.a.j.p.h.s.HTTPSamplerBase: Parser for text/html is org.apache.jmeter.protocol.http.parser.LagartoBasedHtmlParser
2025-11-13 22:00:45,113 INFO o.a.j.p.h.s.HTTPSamplerBase: Parser for application/xhtml+xml is org.apache.jmeter.protocol.http.parser.LagartoBasedHtmlParser
2025-11-13 22:00:45,113 INFO o.a.j.p.h.s.HTTPSamplerBase: Parser for application/xml is org.apache.jmeter.protocol.http.parser.LagartoBasedHtmlParser
2025-11-13 22:00:45,113 INFO o.a.j.p.h.s.HTTPSamplerBase: Parser for text/xml is org.apache.jmeter.protocol.http.parser.LagartoBasedHtmlParser
2025-11-13 22:00:45,113 INFO o.a.j.p.h.s.HTTPSamplerBase: Parser for text/vnd.wap.wml is org.apache.jmeter.protocol.http.parser.RegexpHTMLParser
2025-11-13 22:00:45,113 INFO o.a.j.p.h.s.HTTPSamplerBase: Parser for text/css is org.apache.jmeter.protocol.http.parser.CssParser
2025-11-13 22:00:45,269 INFO o.a.j.s.SampleResult: Note: Sample TimeStamps are START times
2025-11-13 22:00:45,269 INFO o.a.j.s.SampleResult: sampleresult.default.encoding is set to UTF-8
2025-11-13 22:00:45,270 INFO o.a.j.s.SampleResult: sampleresult.useNanoTime=true
2025-11-13 22:00:45,270 INFO o.a.j.s.SampleResult: sampleresult.nanoThreadSleep=5000
2025-11-13 22:00:45,512 INFO o.a.j.s.FileServer: Set new base='/run/media/buddhi/buddhiHDD/jmter'
2025-11-13 22:00:48,889 ERROR o.a.j.g.a.AbstractAction: Could not delete existing file /run/media/buddhi/buddhiHDD/jmter/apache-jmeter-5.6.3/bin
2025-11-13 22:01:46,656 INFO o.a.j.e.StandardJMeterEngine: Running the test!
2025-11-13 22:01:46,659 INFO o.a.j.s.SampleEvent: List of sample_variables: []
2025-11-13 22:01:46,660 INFO o.a.j.s.SampleEvent: List of sample_variables: []
2025-11-13 22:01:46,663 INFO o.a.j.e.u.CompoundVariable: Note: Function class names must contain the string: '.functions.'
2025-11-13 22:01:46,663 INFO o.a.j.e.u.CompoundVariable: Note: Function class names must not contain the string: '.gui.'
2025-11-13 22:01:46,731 INFO o.a.j.g.u.JMeterMenuBar: setRunning(true, *local*)
2025-11-13 22:01:46,798 INFO o.a.j.e.StandardJMeterEngine: Starting ThreadGroup: 1 : Thread Group
2025-11-13 22:01:46,798 INFO o.a.j.e.StandardJMeterEngine: Starting 1 threads for group Thread Group.
2025-11-13 22:01:46,798 INFO o.a.j.e.StandardJMeterEngine: Thread will continue on error
2025-11-13 22:01:46,798 INFO o.a.j.t.ThreadGroup: Starting thread group... number=1 threads=1 ramp-up=1 delayedStart=false
2025-11-13 22:01:46,802 INFO o.a.j.t.ThreadGroup: Started thread group number 1
2025-11-13 22:01:46,802 INFO o.a.j.e.StandardJMeterEngine: All thread groups have been started
2025-11-13 22:01:46,802 INFO o.a.j.t.JMeterThread: Thread started: Thread Group 1-1
2025-11-13 22:01:46,814 INFO o.a.j.p.h.s.HTTPHCAbstractImpl: Local host = buddhi-notebook
2025-11-13 22:01:46,820 INFO o.a.j.p.h.s.HTTPHC4Impl: HTTP request retry count = 0
2025-11-13 22:01:46,907 INFO o.a.j.p.h.s.h.LazyLayeredConnectionSocketFactory: Setting up HTTPS TrustAll Socket Factory
2025-11-13 22:01:46,910 INFO o.a.j.u.JsseSSLManager: Using default SSL protocol: TLS
2025-11-13 22:01:46,910 INFO o.a.j.u.JsseSSLManager: SSL session context: per-thread
2025-11-13 22:01:47,012 INFO o.a.j.t.JMeterThread: Thread is done: Thread Group 1-1
2025-11-13 22:01:47,012 INFO o.a.j.t.JMeterThread: Thread finished: Thread Group 1-1
2025-11-13 22:01:47,013 INFO o.a.j.e.StandardJMeterEngine: Notifying test listeners of end of test
2025-11-13 22:01:47,014 INFO o.a.j.g.u.JMeterMenuBar: setRunning(false, *local*)
2025-11-13 22:05:09,068 INFO o.a.j.e.StandardJMeterEngine: Running the test!
2025-11-13 22:05:09,070 INFO o.a.j.s.SampleEvent: List of sample_variables: []
2025-11-13 22:05:09,083 INFO o.a.j.g.u.JMeterMenuBar: setRunning(true, *local*)
2025-11-13 22:05:09,133 INFO o.a.j.e.StandardJMeterEngine: Starting ThreadGroup: 1 : Thread Group
2025-11-13 22:05:09,134 INFO o.a.j.e.StandardJMeterEngine: Starting 1 threads for group Thread Group.
2025-11-13 22:05:09,134 INFO o.a.j.e.StandardJMeterEngine: Thread will continue on error
2025-11-13 22:05:09,134 INFO o.a.j.t.ThreadGroup: Starting thread group... number=1 threads=1 ramp-up=5 delayedStart=false
2025-11-13 22:05:09,135 INFO o.a.j.t.ThreadGroup: Started thread group number 1
2025-11-13 22:05:09,135 INFO o.a.j.e.StandardJMeterEngine: All thread groups have been started
2025-11-13 22:05:09,135 INFO o.a.j.t.JMeterThread: Thread started: Thread Group 1-1
2025-11-13 22:05:09,421 INFO o.a.j.u.SSLManager: JmeterKeyStore Location:  type JKS
2025-11-13 22:05:09,426 INFO o.a.j.u.SSLManager: KeyStore created OK
2025-11-13 22:05:09,426 WARN o.a.j.u.SSLManager: Keystore file not found, loading empty keystore
2025-11-13 22:05:12,842 INFO o.a.j.t.JMeterThread: Thread is done: Thread Group 1-1
2025-11-13 22:05:12,842 INFO o.a.j.t.JMeterThread: Thread finished: Thread Group 1-1
2025-11-13 22:05:12,847 INFO o.a.j.e.StandardJMeterEngine: Notifying test listeners of end of test
2025-11-13 22:05:12,849 INFO o.a.j.g.u.JMeterMenuBar: setRunning(false, *local*)
